2011-08-08 17:39:02,145 - Log4JLogChute initialized using file 'velocity.log'
2011-08-08 17:39:02,146 - Velocity was not initialized! Calling init()...
2011-08-08 17:39:02,146 - Starting Apache Velocity v1.5 (compiled: 2007-02-22 08:52:29)
2011-08-08 17:39:02,146 - Default Properties File: org\apache\velocity\runtime\defaults\velocity.properties
2011-08-08 17:39:02,146 - Trying to use logger class org.apache.velocity.runtime.log.AvalonLogChute
2011-08-08 17:39:02,147 - Couldn't find class org.apache.velocity.runtime.log.AvalonLogChute or necessary supporting classes in classpath.
java.lang.NoClassDefFoundError: org/apache/log/format/Formatter
	at java.lang.Class.forName0(Native Method)
	at java.lang.Class.forName(Class.java:247)
	at org.apache.velocity.util.ClassUtils.getClass(ClassUtils.java:63)
	at org.apache.velocity.util.ClassUtils.getNewInstance(ClassUtils.java:95)
	at org.apache.velocity.runtime.log.LogManager.createLogChute(LogManager.java:147)
	at org.apache.velocity.runtime.log.LogManager.updateLog(LogManager.java:208)
	at org.apache.velocity.runtime.RuntimeInstance.initializeLog(RuntimeInstance.java:728)
	at org.apache.velocity.runtime.RuntimeInstance.init(RuntimeInstance.java:240)
	at org.apache.velocity.runtime.RuntimeInstance.parse(RuntimeInstance.java:993)
	at org.apache.velocity.runtime.RuntimeInstance.parse(RuntimeInstance.java:972)
	at org.apache.velocity.runtime.RuntimeSingleton.parse(RuntimeSingleton.java:265)
	at org.apache.velocity.app.Velocity.evaluate(Velocity.java:274)
	at com.snotype.simpletest.WeatherFormatter.format(WeatherFormatter.java:20)
	at com.snotype.simpletest.Main.start(Main.java:28)
	at com.snotype.simpletest.Main.main(Main.java:16)
	at sun.reflect.NativeMethodAccessorImpl.invoke0(Native Method)
	at sun.reflect.NativeMethodAccessorImpl.invoke(NativeMethodAccessorImpl.java:39)
	at sun.reflect.DelegatingMethodAccessorImpl.invoke(DelegatingMethodAccessorImpl.java:25)
	at java.lang.reflect.Method.invoke(Method.java:597)
	at org.codehaus.mojo.exec.ExecJavaMojo$1.run(ExecJavaMojo.java:291)
	at java.lang.Thread.run(Thread.java:662)
Caused by: java.lang.ClassNotFoundException: org.apache.log.format.Formatter
	at java.net.URLClassLoader$1.run(URLClassLoader.java:202)
	at java.security.AccessController.doPrivileged(Native Method)
	at java.net.URLClassLoader.findClass(URLClassLoader.java:190)
	at java.lang.ClassLoader.loadClass(ClassLoader.java:307)
	at java.lang.ClassLoader.loadClass(ClassLoader.java:248)
	... 21 more
2011-08-08 17:39:02,148 - Trying to use logger class org.apache.velocity.runtime.log.Log4JLogChute
2011-08-08 17:39:02,148 - Using logger class org.apache.velocity.runtime.log.Log4JLogChute
2011-08-08 17:39:02,150 - Default ResourceManager initializing. (class org.apache.velocity.runtime.resource.ResourceManagerImpl)
2011-08-08 17:39:02,153 - ResourceLoader instantiated: org.apache.velocity.runtime.resource.loader.FileResourceLoader
2011-08-08 17:39:02,154 - Do unicode file recognition:  false
2011-08-08 17:39:02,154 - FileResourceLoader : adding path '.'
2011-08-08 17:39:02,178 - ResourceCache: initialized (class org.apache.velocity.runtime.resource.ResourceCacheImpl)
2011-08-08 17:39:02,179 - Loaded System Directive: org.apache.velocity.runtime.directive.Literal
2011-08-08 17:39:02,180 - Loaded System Directive: org.apache.velocity.runtime.directive.Macro
2011-08-08 17:39:02,181 - Loaded System Directive: org.apache.velocity.runtime.directive.Parse
2011-08-08 17:39:02,182 - Loaded System Directive: org.apache.velocity.runtime.directive.Include
2011-08-08 17:39:02,183 - Loaded System Directive: org.apache.velocity.runtime.directive.Foreach
2011-08-08 17:39:02,212 - Created '20' parsers.
2011-08-08 17:39:02,218 - Velocimacro : "velocimacro.library" is not set.  Trying default library: VM_global_library.vm
2011-08-08 17:39:02,218 - Velocimacro : Default library not found.
2011-08-08 17:39:02,218 - Velocimacro : allowInline = true : VMs can be defined inline in templates
2011-08-08 17:39:02,218 - Velocimacro : allowInlineToOverride = false : VMs defined inline may NOT replace previous VM definitions
2011-08-08 17:39:02,219 - Velocimacro : allowInlineLocal = false : VMs defined inline will be global in scope if allowed.
2011-08-08 17:39:02,219 - Velocimacro : autoload off : VM system will not automatically reload global library macros
2011-08-08 17:39:39,171 - Log4JLogChute initialized using file 'velocity.log'
2011-08-08 17:39:39,171 - Velocity was not initialized! Calling init()...
2011-08-08 17:39:39,171 - Starting Apache Velocity v1.5 (compiled: 2007-02-22 08:52:29)
2011-08-08 17:39:39,171 - Default Properties File: org\apache\velocity\runtime\defaults\velocity.properties
2011-08-08 17:39:39,171 - Trying to use logger class org.apache.velocity.runtime.log.AvalonLogChute
2011-08-08 17:39:39,172 - Couldn't find class org.apache.velocity.runtime.log.AvalonLogChute or necessary supporting classes in classpath.
java.lang.NoClassDefFoundError: org/apache/log/format/Formatter
	at java.lang.Class.forName0(Native Method)
	at java.lang.Class.forName(Class.java:247)
	at org.apache.velocity.util.ClassUtils.getClass(ClassUtils.java:63)
	at org.apache.velocity.util.ClassUtils.getNewInstance(ClassUtils.java:95)
	at org.apache.velocity.runtime.log.LogManager.createLogChute(LogManager.java:147)
	at org.apache.velocity.runtime.log.LogManager.updateLog(LogManager.java:208)
	at org.apache.velocity.runtime.RuntimeInstance.initializeLog(RuntimeInstance.java:728)
	at org.apache.velocity.runtime.RuntimeInstance.init(RuntimeInstance.java:240)
	at org.apache.velocity.runtime.RuntimeInstance.parse(RuntimeInstance.java:993)
	at org.apache.velocity.runtime.RuntimeInstance.parse(RuntimeInstance.java:972)
	at org.apache.velocity.runtime.RuntimeSingleton.parse(RuntimeSingleton.java:265)
	at org.apache.velocity.app.Velocity.evaluate(Velocity.java:274)
	at com.snotype.simpletest.WeatherFormatter.format(WeatherFormatter.java:20)
	at com.snotype.simpletest.Main.start(Main.java:28)
	at com.snotype.simpletest.Main.main(Main.java:16)
	at sun.reflect.NativeMethodAccessorImpl.invoke0(Native Method)
	at sun.reflect.NativeMethodAccessorImpl.invoke(NativeMethodAccessorImpl.java:39)
	at sun.reflect.DelegatingMethodAccessorImpl.invoke(DelegatingMethodAccessorImpl.java:25)
	at java.lang.reflect.Method.invoke(Method.java:597)
	at org.codehaus.mojo.exec.ExecJavaMojo$1.run(ExecJavaMojo.java:291)
	at java.lang.Thread.run(Thread.java:662)
Caused by: java.lang.ClassNotFoundException: org.apache.log.format.Formatter
	at java.net.URLClassLoader$1.run(URLClassLoader.java:202)
	at java.security.AccessController.doPrivileged(Native Method)
	at java.net.URLClassLoader.findClass(URLClassLoader.java:190)
	at java.lang.ClassLoader.loadClass(ClassLoader.java:307)
	at java.lang.ClassLoader.loadClass(ClassLoader.java:248)
	... 21 more
2011-08-08 17:39:39,173 - Trying to use logger class org.apache.velocity.runtime.log.Log4JLogChute
2011-08-08 17:39:39,173 - Using logger class org.apache.velocity.runtime.log.Log4JLogChute
2011-08-08 17:39:39,176 - Default ResourceManager initializing. (class org.apache.velocity.runtime.resource.ResourceManagerImpl)
2011-08-08 17:39:39,178 - ResourceLoader instantiated: org.apache.velocity.runtime.resource.loader.FileResourceLoader
2011-08-08 17:39:39,179 - Do unicode file recognition:  false
2011-08-08 17:39:39,179 - FileResourceLoader : adding path '.'
2011-08-08 17:39:39,192 - ResourceCache: initialized (class org.apache.velocity.runtime.resource.ResourceCacheImpl)
2011-08-08 17:39:39,194 - Loaded System Directive: org.apache.velocity.runtime.directive.Literal
2011-08-08 17:39:39,197 - Loaded System Directive: org.apache.velocity.runtime.directive.Macro
2011-08-08 17:39:39,198 - Loaded System Directive: org.apache.velocity.runtime.directive.Parse
2011-08-08 17:39:39,199 - Loaded System Directive: org.apache.velocity.runtime.directive.Include
2011-08-08 17:39:39,200 - Loaded System Directive: org.apache.velocity.runtime.directive.Foreach
2011-08-08 17:39:39,231 - Created '20' parsers.
2011-08-08 17:39:39,238 - Velocimacro : "velocimacro.library" is not set.  Trying default library: VM_global_library.vm
2011-08-08 17:39:39,238 - Velocimacro : Default library not found.
2011-08-08 17:39:39,238 - Velocimacro : allowInline = true : VMs can be defined inline in templates
2011-08-08 17:39:39,238 - Velocimacro : allowInlineToOverride = false : VMs defined inline may NOT replace previous VM definitions
2011-08-08 17:39:39,238 - Velocimacro : allowInlineLocal = false : VMs defined inline will be global in scope if allowed.
2011-08-08 17:39:39,238 - Velocimacro : autoload off : VM system will not automatically reload global library macros
